2025-05-26T19:24:33.950-06:00  INFO 25296 --- [citas] [main] c.registro.citas.CitasApplicationTests   : Starting CitasApplicationTests using Java 21.0.7 with PID 25296 (started by maico in C:\Users\maico\OneDrive\Escritorio\INGENIERIA EN SISTEMAS\5TO SEMESTRE\PROGRAMACION 3\BACK END 13-03-2025\umg\citas)
2025-05-26T19:24:33.950-06:00  INFO 25296 --- [citas] [main] c.registro.citas.CitasApplicationTests   : No active profile set, falling back to 1 default profile: "default"
2025-05-26T19:24:34.962-06:00  INFO 25296 --- [citas] [main] .s.d.r.c.RepositoryConfigurationDelegate : Bootstrapping Spring Data JPA repositories in DEFAULT mode.
2025-05-26T19:24:35.042-06:00  INFO 25296 --- [citas] [main] .s.d.r.c.RepositoryConfigurationDelegate : Finished Spring Data repository scanning in 66 ms. Found 1 JPA repository interface.
2025-05-26T19:24:35.848-06:00  INFO 25296 --- [citas] [main] o.hibernate.jpa.internal.util.LogHelper  : HHH000204: Processing PersistenceUnitInfo [name: default]
2025-05-26T19:24:35.921-06:00  INFO 25296 --- [citas] [main] org.hibernate.Version                    : HHH000412: Hibernate ORM core version 6.6.11.Final
2025-05-26T19:24:35.962-06:00  INFO 25296 --- [citas] [main] o.h.c.internal.RegionFactoryInitiator    : HHH000026: Second-level cache disabled
2025-05-26T19:24:36.650-06:00  INFO 25296 --- [citas] [main] o.s.o.j.p.SpringPersistenceUnitInfo      : No LoadTimeWeaver setup: ignoring JPA class transformer
2025-05-26T19:24:36.713-06:00  INFO 25296 --- [citas] [main] com.zaxxer.hikari.HikariDataSource       : HikariPool-1 - Starting...
2025-05-26T19:24:37.095-06:00  INFO 25296 --- [citas] [main] com.zaxxer.hikari.pool.HikariPool        : HikariPool-1 - Added connection org.postgresql.jdbc.PgConnection@502c2278
2025-05-26T19:24:37.095-06:00  INFO 25296 --- [citas] [main] com.zaxxer.hikari.HikariDataSource       : HikariPool-1 - Start completed.
2025-05-26T19:24:37.174-06:00  WARN 25296 --- [citas] [main] org.hibernate.orm.deprecation            : HHH90000025: PostgreSQLDialect does not need to be specified explicitly using 'hibernate.dialect' (remove the property setting and it will be selected by default)
2025-05-26T19:24:37.226-06:00  INFO 25296 --- [citas] [main] org.hibernate.orm.connections.pooling    : HHH10001005: Database info:
	Database JDBC URL [Connecting through datasource 'HikariDataSource (HikariPool-1)']
	Database driver: undefined/unknown
	Database version: 15.8
	Autocommit mode: undefined/unknown
	Isolation level: undefined/unknown
	Minimum pool size: undefined/unknown
	Maximum pool size: undefined/unknown
2025-05-26T19:24:38.621-06:00  INFO 25296 --- [citas] [main] o.h.e.t.j.p.i.JtaPlatformInitiator       : HHH000489: No JTA platform available (set 'hibernate.transaction.jta.platform' to enable JTA platform integration)
2025-05-26T19:24:38.803-06:00  INFO 25296 --- [citas] [main] j.LocalContainerEntityManagerFactoryBean : Initialized JPA EntityManagerFactory for persistence unit 'default'
2025-05-26T19:24:39.430-06:00  INFO 25296 --- [citas] [main] o.s.d.j.r.query.QueryEnhancerFactory     : Hibernate is in classpath; If applicable, HQL parser will be used.
2025-05-26T19:24:40.570-06:00  WARN 25296 --- [citas] [main] JpaBaseConfiguration$JpaWebConfiguration : spring.jpa.open-in-view is enabled by default. Therefore, database queries may be performed during view rendering. Explicitly configure spring.jpa.open-in-view to disable this warning
2025-05-26T19:24:41.140-06:00  INFO 25296 --- [citas] [main] c.registro.citas.CitasApplicationTests   : Started CitasApplicationTests in 7.732 seconds (process running for 8.983)
2025-05-26T19:24:41.826-06:00  INFO 25296 --- [citas] [SpringApplicationShutdownHook] j.LocalContainerEntityManagerFactoryBean : Closing JPA EntityManagerFactory for persistence unit 'default'
2025-05-26T19:24:41.832-06:00  INFO 25296 --- [citas] [SpringApplicationShutdownHook] com.zaxxer.hikari.HikariDataSource       : HikariPool-1 - Shutdown initiated...
2025-05-26T19:24:41.841-06:00  INFO 25296 --- [citas] [SpringApplicationShutdownHook] com.zaxxer.hikari.HikariDataSource       : HikariPool-1 - Shutdown completed.
2025-05-26T19:29:10.504-06:00  INFO 11148 --- [citas] [restartedMain] com.registro.citas.CitasApplication      : Starting CitasApplication using Java 17.0.11 with PID 11148 (C:\Users\maico\OneDrive\Escritorio\INGENIERIA EN SISTEMAS\5TO SEMESTRE\PROGRAMACION 3\BACK END 13-03-2025\umg\citas\target\classes started by maico in C:\Users\maico\OneDrive\Escritorio\INGENIERIA EN SISTEMAS\5TO SEMESTRE\PROGRAMACION 3\BACK END 13-03-2025\umg\citas)
2025-05-26T19:29:10.514-06:00  INFO 11148 --- [citas] [restartedMain] com.registro.citas.CitasApplication      : No active profile set, falling back to 1 default profile: "default"
2025-05-26T19:29:10.673-06:00  INFO 11148 --- [citas] [restartedMain] .e.DevToolsPropertyDefaultsPostProcessor : Devtools property defaults active! Set 'spring.devtools.add-properties' to 'false' to disable
2025-05-26T19:29:10.675-06:00  INFO 11148 --- [citas] [restartedMain] .e.DevToolsPropertyDefaultsPostProcessor : For additional web related logging consider setting the 'logging.level.web' property to 'DEBUG'
2025-05-26T19:29:12.935-06:00  INFO 11148 --- [citas] [restartedMain] .s.d.r.c.RepositoryConfigurationDelegate : Bootstrapping Spring Data JPA repositories in DEFAULT mode.
2025-05-26T19:29:13.165-06:00  INFO 11148 --- [citas] [restartedMain] .s.d.r.c.RepositoryConfigurationDelegate : Finished Spring Data repository scanning in 188 ms. Found 1 JPA repository interface.
2025-05-26T19:29:15.462-06:00  INFO 11148 --- [citas] [restartedMain] o.s.b.w.embedded.tomcat.TomcatWebServer  : Tomcat initialized with port 9292 (http)
2025-05-26T19:29:15.480-06:00  INFO 11148 --- [citas] [restartedMain] o.a.catalina.core.AprLifecycleListener   : An older version [1.3.1] of the Apache Tomcat Native library is installed, while Tomcat recommends a minimum version of [2.0.5]
2025-05-26T19:29:15.485-06:00  INFO 11148 --- [citas] [restartedMain] o.a.catalina.core.AprLifecycleListener   : Loaded Apache Tomcat Native library [1.3.1] using APR version [1.7.4].
2025-05-26T19:29:15.500-06:00  INFO 11148 --- [citas] [restartedMain] o.a.catalina.core.AprLifecycleListener   : OpenSSL successfully initialized [OpenSSL 3.0.14 4 Jun 2024]
2025-05-26T19:29:15.538-06:00  INFO 11148 --- [citas] [restartedMain] o.apache.catalina.core.StandardService   : Starting service [Tomcat]
2025-05-26T19:29:15.542-06:00  INFO 11148 --- [citas] [restartedMain] o.apache.catalina.core.StandardEngine    : Starting Servlet engine: [Apache Tomcat/10.1.39]
2025-05-26T19:29:16.193-06:00  INFO 11148 --- [citas] [restartedMain] o.a.c.c.C.[Tomcat].[localhost].[/]       : Initializing Spring embedded WebApplicationContext
2025-05-26T19:29:16.204-06:00  INFO 11148 --- [citas] [restartedMain] w.s.c.ServletWebServerApplicationContext : Root WebApplicationContext: initialization completed in 5526 ms
2025-05-26T19:29:17.472-06:00  INFO 11148 --- [citas] [restartedMain] o.hibernate.jpa.internal.util.LogHelper  : HHH000204: Processing PersistenceUnitInfo [name: default]
2025-05-26T19:29:17.776-06:00  INFO 11148 --- [citas] [restartedMain] org.hibernate.Version                    : HHH000412: Hibernate ORM core version 6.6.11.Final
2025-05-26T19:29:18.079-06:00  INFO 11148 --- [citas] [restartedMain] o.h.c.internal.RegionFactoryInitiator    : HHH000026: Second-level cache disabled
2025-05-26T19:29:19.552-06:00  INFO 11148 --- [citas] [restartedMain] o.s.o.j.p.SpringPersistenceUnitInfo      : No LoadTimeWeaver setup: ignoring JPA class transformer
2025-05-26T19:29:19.721-06:00  INFO 11148 --- [citas] [restartedMain] com.zaxxer.hikari.HikariDataSource       : HikariPool-1 - Starting...
2025-05-26T19:29:20.619-06:00  INFO 11148 --- [citas] [restartedMain] com.zaxxer.hikari.pool.HikariPool        : HikariPool-1 - Added connection org.postgresql.jdbc.PgConnection@6017c902
2025-05-26T19:29:20.632-06:00  INFO 11148 --- [citas] [restartedMain] com.zaxxer.hikari.HikariDataSource       : HikariPool-1 - Start completed.
2025-05-26T19:29:20.739-06:00  WARN 11148 --- [citas] [restartedMain] org.hibernate.orm.deprecation            : HHH90000025: PostgreSQLDialect does not need to be specified explicitly using 'hibernate.dialect' (remove the property setting and it will be selected by default)
2025-05-26T19:29:20.844-06:00  INFO 11148 --- [citas] [restartedMain] org.hibernate.orm.connections.pooling    : HHH10001005: Database info:
	Database JDBC URL [Connecting through datasource 'HikariDataSource (HikariPool-1)']
	Database driver: undefined/unknown
	Database version: 15.8
	Autocommit mode: undefined/unknown
	Isolation level: undefined/unknown
	Minimum pool size: undefined/unknown
	Maximum pool size: undefined/unknown
2025-05-26T19:29:23.719-06:00  INFO 11148 --- [citas] [restartedMain] o.h.e.t.j.p.i.JtaPlatformInitiator       : HHH000489: No JTA platform available (set 'hibernate.transaction.jta.platform' to enable JTA platform integration)
2025-05-26T19:29:23.878-06:00  INFO 11148 --- [citas] [restartedMain] j.LocalContainerEntityManagerFactoryBean : Initialized JPA EntityManagerFactory for persistence unit 'default'
2025-05-26T19:29:24.912-06:00  INFO 11148 --- [citas] [restartedMain] o.s.d.j.r.query.QueryEnhancerFactory     : Hibernate is in classpath; If applicable, HQL parser will be used.
2025-05-26T19:29:28.322-06:00  WARN 11148 --- [citas] [restartedMain] JpaBaseConfiguration$JpaWebConfiguration : spring.jpa.open-in-view is enabled by default. Therefore, database queries may be performed during view rendering. Explicitly configure spring.jpa.open-in-view to disable this warning
2025-05-26T19:29:29.693-06:00  WARN 11148 --- [citas] [restartedMain] o.s.b.d.a.OptionalLiveReloadServer       : Unable to start LiveReload server
2025-05-26T19:29:29.997-06:00  INFO 11148 --- [citas] [restartedMain] o.s.b.w.embedded.tomcat.TomcatWebServer  : Tomcat started on port 9292 (http) with context path '/'
2025-05-26T19:29:30.061-06:00  INFO 11148 --- [citas] [restartedMain] com.registro.citas.CitasApplication      : Started CitasApplication in 20.805 seconds (process running for 21.834)
2025-05-26T19:32:50.816-06:00  INFO 11148 --- [citas] [http-nio-9292-exec-7] o.a.c.c.C.[Tomcat].[localhost].[/]       : Initializing Spring DispatcherServlet 'dispatcherServlet'
2025-05-26T19:32:50.816-06:00  INFO 11148 --- [citas] [http-nio-9292-exec-7] o.s.web.servlet.DispatcherServlet        : Initializing Servlet 'dispatcherServlet'
2025-05-26T19:32:50.832-06:00  INFO 11148 --- [citas] [http-nio-9292-exec-7] o.s.web.servlet.DispatcherServlet        : Completed initialization in 11 ms
